0 info it worked if it ends with ok
1 verbose cli [ '/usr/bin/node', '/usr/bin/npm', 'start' ]
2 info using npm@2.7.5
3 info using node@v0.12.2
4 verbose run-script [ 'prestart', 'start', 'poststart' ]
5 info prestart ox2d@0.2.0
6 info start ox2d@0.2.0
7 verbose unsafe-perm in lifecycle true
8 info ox2d@0.2.0 Failed to exec start script
9 verbose stack Error: ox2d@0.2.0 start: `npm run server & npm run watch & npm run watchify`
9 verbose stack Exit status 1
9 verbose stack     at EventEmitter.<anonymous> (/usr/lib/node_modules/npm/lib/utils/lifecycle.js:213:16)
9 verbose stack     at EventEmitter.emit (events.js:110:17)
9 verbose stack     at ChildProcess.<anonymous> (/usr/lib/node_modules/npm/lib/utils/spawn.js:14:12)
9 verbose stack     at ChildProcess.emit (events.js:110:17)
9 verbose stack     at maybeClose (child_process.js:1015:16)
9 verbose stack     at Process.ChildProcess._handle.onexit (child_process.js:1087:5)
10 verbose pkgid ox2d@0.2.0
11 verbose cwd /home/otto/Dropbox/GameDev/JavaScript/ox
12 error Linux 3.19.3-3-ARCH
13 error argv "/usr/bin/node" "/usr/bin/npm" "start"
14 error node v0.12.2
15 error npm  v2.7.5
16 error code ELIFECYCLE
17 error ox2d@0.2.0 start: `npm run server & npm run watch & npm run watchify`
17 error Exit status 1
18 error Failed at the ox2d@0.2.0 start script 'npm run server & npm run watch & npm run watchify'.
18 error This is most likely a problem with the ox2d package,
18 error not with npm itself.
18 error Tell the author that this fails on your system:
18 error     npm run server & npm run watch & npm run watchify
18 error You can get their info via:
18 error     npm owner ls ox2d
18 error There is likely additional logging output above.
19 verbose exit [ 1, true ]
